<?xml version="1.0" encoding="UTF-8"?>
<!-- Generated by org.testng.reporters.JUnitReportReporter -->
<testsuite hostname="SaiGouthamDS" failures="0" tests="5" name="TestRunner.UserLoginTestRunner" time="37.522" errors="0" timestamp="2024-12-26T17:27:21 IST" skipped="0">
  <testcase classname="TestRunner.UserLoginTestRunner" name="runScenario" time="12.402"/>
  <system-out/>
  <testcase classname="TestRunner.UserLoginTestRunner" name="runScenario" time="2.368"/>
  <system-out/>
  <testcase classname="TestRunner.UserLoginTestRunner" name="runScenario" time="0.903"/>
  <system-out/>
  <testcase classname="TestRunner.UserLoginTestRunner" name="runScenario" time="3.631"/>
  <system-out/>
  <testcase classname="TestRunner.UserLoginTestRunner" name="runScenario" time="18.218"/>
  <system-out/>
</testsuite> <!-- TestRunner.UserLoginTestRunner -->
